[23:43:19.008] Running build in Washington, D.C., USA (East) â€“ iad1
[23:43:19.008] Build machine configuration: 2 cores, 8 GB
[23:43:19.057] Cloning github.com/nyainda/Driptechs (Branch: main, Commit: 2cfe496)
[23:43:19.345] Cloning completed: 288.000ms
[23:43:20.437] Restored build cache from previous deployment (AHPX1KMR9AjC7Y8yNA8irNLri9ae)
[23:43:20.809] Running "vercel build"
[23:43:21.269] Vercel CLI 44.2.13
[23:43:22.211] Installing dependencies...
[23:43:28.464] 
[23:43:28.465] added 25 packages, removed 25 packages, and changed 166 packages in 6s
[23:43:28.465] 
[23:43:28.465] 81 packages are looking for funding
[23:43:28.465]   run `npm fund` for details
[23:43:28.661] 
[23:43:28.662] > rest-express@1.0.0 build
[23:43:28.663] > vite build && tsc server/index.ts --outDir dist --target ES2020 --module commonjs --moduleResolution node --esModuleInterop
[23:43:28.663] 
[23:43:30.227] [36mvite v7.0.3 [32mbuilding for production...[36m[39m
[23:43:30.305] transforming...
[23:43:36.043] [32mâœ“[39m 1875 modules transformed.
[23:43:36.054] [33m[plugin vite:resolve] Module "fs" has been externalized for browser compatibility, imported by "/vercel/path1/node_modules/tailwindcss/lib/lib/setupTrackingContext.js". See https://vite.dev/guide/troubleshooting.html#module-externalized-for-browser-compatibility for more details.[39m
[23:43:36.059] [33m[plugin vite:resolve] Module "fs" has been externalized for browser compatibility, imported by "/vercel/path1/node_modules/tailwindcss/lib/lib/findAtConfigPath.js". See https://vite.dev/guide/troubleshooting.html#module-externalized-for-browser-compatibility for more details.[39m
[23:43:36.060] [33m[plugin vite:resolve] Module "path" has been externalized for browser compatibility, imported by "/vercel/path1/node_modules/tailwindcss/lib/lib/findAtConfigPath.js". See https://vite.dev/guide/troubleshooting.html#module-externalized-for-browser-compatibility for more details.[39m
[23:43:36.075] [33m[plugin vite:resolve] Module "fs" has been externalized for browser compatibility, imported by "/vercel/path1/node_modules/tailwindcss/lib/util/resolveConfigPath.js". See https://vite.dev/guide/troubleshooting.html#module-externalized-for-browser-compatibility for more details.[39m
[23:43:36.076] [33m[plugin vite:resolve] Module "path" has been externalized for browser compatibility, imported by "/vercel/path1/node_modules/tailwindcss/lib/util/resolveConfigPath.js". See https://vite.dev/guide/troubleshooting.html#module-externalized-for-browser-compatibility for more details.[39m
[23:43:36.097] [33m[plugin vite:resolve] Module "fs" has been externalized for browser compatibility, imported by "/vercel/path1/node_modules/tailwindcss/lib/lib/setupContextUtils.js". See https://vite.dev/guide/troubleshooting.html#module-externalized-for-browser-compatibility for more details.[39m
[23:43:36.098] [33m[plugin vite:resolve] Module "url" has been externalized for browser compatibility, imported by "/vercel/path1/node_modules/tailwindcss/lib/lib/setupContextUtils.js". See https://vite.dev/guide/troubleshooting.html#module-externalized-for-browser-compatibility for more details.[39m
[23:43:36.114] [33m[plugin vite:resolve] Module "fs" has been externalized for browser compatibility, imported by "/vercel/path1/node_modules/tailwindcss/lib/lib/content.js". See https://vite.dev/guide/troubleshooting.html#module-externalized-for-browser-compatibility for more details.[39m
[23:43:36.115] [33m[plugin vite:resolve] Module "path" has been externalized for browser compatibility, imported by "/vercel/path1/node_modules/tailwindcss/lib/lib/content.js". See https://vite.dev/guide/troubleshooting.html#module-externalized-for-browser-compatibility for more details.[39m
[23:43:36.119] [33m[plugin vite:resolve] Module "fs" has been externalized for browser compatibility, imported by "/vercel/path1/node_modules/tailwindcss/lib/lib/getModuleDependencies.js". See https://vite.dev/guide/troubleshooting.html#module-externalized-for-browser-compatibility for more details.[39m
[23:43:36.119] [33m[plugin vite:resolve] Module "path" has been externalized for browser compatibility, imported by "/vercel/path1/node_modules/tailwindcss/lib/lib/getModuleDependencies.js". See https://vite.dev/guide/troubleshooting.html#module-externalized-for-browser-compatibility for more details.[39m
[23:43:36.127] [33m[plugin vite:resolve] Module "fs" has been externalized for browser compatibility, imported by "/vercel/path1/node_modules/tailwindcss/lib/lib/expandTailwindAtRules.js". See https://vite.dev/guide/troubleshooting.html#module-externalized-for-browser-compatibility for more details.[39m
[23:43:36.263] [33m[plugin vite:resolve] Module "fs" has been externalized for browser compatibility, imported by "/vercel/path1/node_modules/tailwindcss/lib/corePlugins.js". See https://vite.dev/guide/troubleshooting.html#module-externalized-for-browser-compatibility for more details.[39m
[23:43:36.263] [33m[plugin vite:resolve] Module "path" has been externalized for browser compatibility, imported by "/vercel/path1/node_modules/tailwindcss/lib/corePlugins.js". See https://vite.dev/guide/troubleshooting.html#module-externalized-for-browser-compatibility for more details.[39m
[23:43:36.281] [33m[plugin vite:resolve] Module "crypto" has been externalized for browser compatibility, imported by "/vercel/path1/node_modules/tailwindcss/lib/lib/cacheInvalidation.js". See https://vite.dev/guide/troubleshooting.html#module-externalized-for-browser-compatibility for more details.[39m
[23:43:36.303] [33m[plugin vite:resolve] Module "util" has been externalized for browser compatibility, imported by "/vercel/path1/node_modules/micromatch/index.js". See https://vite.dev/guide/troubleshooting.html#module-externalized-for-browser-compatibility for more details.[39m
[23:43:36.448] [33m[plugin vite:resolve] Module "stream" has been externalized for browser compatibility, imported by "/vercel/path1/node_modules/fast-glob/out/providers/stream.js". See https://vite.dev/guide/troubleshooting.html#module-externalized-for-browser-compatibility for more details.[39m
[23:43:36.453] [33m[plugin vite:resolve] Module "fs" has been externalized for browser compatibility, imported by "/vercel/path1/node_modules/fast-glob/out/settings.js". See https://vite.dev/guide/troubleshooting.html#module-externalized-for-browser-compatibility for more details.[39m
[23:43:36.454] [33m[plugin vite:resolve] Module "os" has been externalized for browser compatibility, imported by "/vercel/path1/node_modules/fast-glob/out/settings.js". See https://vite.dev/guide/troubleshooting.html#module-externalized-for-browser-compatibility for more details.[39m
[23:43:36.471] [33m[plugin vite:resolve] Module "path" has been externalized for browser compatibility, imported by "/vercel/path1/node_modules/glob-parent/index.js". See https://vite.dev/guide/troubleshooting.html#module-externalized-for-browser-compatibility for more details.[39m
[23:43:36.472] [33m[plugin vite:resolve] Module "os" has been externalized for browser compatibility, imported by "/vercel/path1/node_modules/glob-parent/index.js". See https://vite.dev/guide/troubleshooting.html#module-externalized-for-browser-compatibility for more details.[39m
[23:43:36.475] [33m[plugin vite:resolve] Module "path" has been externalized for browser compatibility, imported by "/vercel/path1/node_modules/picomatch/lib/utils.js". See https://vite.dev/guide/troubleshooting.html#module-externalized-for-browser-compatibility for more details.[39m
[23:43:36.689] [33m[plugin vite:resolve] Module "path" has been externalized for browser compatibility, imported by "/vercel/path1/node_modules/fast-glob/out/providers/provider.js". See https://vite.dev/guide/troubleshooting.html#module-externalized-for-browser-compatibility for more details.[39m
[23:43:36.693] [33m[plugin vite:resolve] Module "stream" has been externalized for browser compatibility, imported by "/vercel/path1/node_modules/fast-glob/out/readers/stream.js". See https://vite.dev/guide/troubleshooting.html#module-externalized-for-browser-compatibility for more details.[39m
[23:43:36.700] [33m[plugin vite:resolve] Module "os" has been externalized for browser compatibility, imported by "/vercel/path1/node_modules/fast-glob/out/utils/path.js". See https://vite.dev/guide/troubleshooting.html#module-externalized-for-browser-compatibility for more details.[39m
[23:43:36.703] [33m[plugin vite:resolve] Module "path" has been externalized for browser compatibility, imported by "/vercel/path1/node_modules/fast-glob/out/utils/path.js". See https://vite.dev/guide/troubleshooting.html#module-externalized-for-browser-compatibility for more details.[39m
[23:43:36.705] [33m[plugin vite:resolve] Module "path" has been externalized for browser compatibility, imported by "/vercel/path1/node_modules/fast-glob/out/utils/pattern.js". See https://vite.dev/guide/troubleshooting.html#module-externalized-for-browser-compatibility for more details.[39m
[23:43:36.724] [33m[plugin vite:resolve] Module "path" has been externalized for browser compatibility, imported by "/vercel/path1/node_modules/picomatch/lib/picomatch.js". See https://vite.dev/guide/troubleshooting.html#module-externalized-for-browser-compatibility for more details.[39m
[23:43:36.727] [33m[plugin vite:resolve] Module "path" has been externalized for browser compatibility, imported by "/vercel/path1/node_modules/picomatch/lib/constants.js". See https://vite.dev/guide/troubleshooting.html#module-externalized-for-browser-compatibility for more details.[39m
[23:43:37.143] [33m[plugin vite:resolve] Module "crypto" has been externalized for browser compatibility, imported by "/vercel/path1/node_modules/tailwindcss/node_modules/jiti/dist/jiti.js". See https://vite.dev/guide/troubleshooting.html#module-externalized-for-browser-compatibility for more details.[39m
[23:43:37.143] [33m[plugin vite:resolve] Module "fs" has been externalized for browser compatibility, imported by "/vercel/path1/node_modules/tailwindcss/node_modules/jiti/dist/jiti.js". See https://vite.dev/guide/troubleshooting.html#module-externalized-for-browser-compatibility for more details.[39m
[23:43:37.144] [33m[plugin vite:resolve] Module "module" has been externalized for browser compatibility, imported by "/vercel/path1/node_modules/tailwindcss/node_modules/jiti/dist/jiti.js". See https://vite.dev/guide/troubleshooting.html#module-externalized-for-browser-compatibility for more details.[39m
[23:43:37.145] [33m[plugin vite:resolve] Module "path" has been externalized for browser compatibility, imported by "/vercel/path1/node_modules/tailwindcss/node_modules/jiti/dist/jiti.js". See https://vite.dev/guide/troubleshooting.html#module-externalized-for-browser-compatibility for more details.[39m
[23:43:37.145] [33m[plugin vite:resolve] Module "perf_hooks" has been externalized for browser compatibility, imported by "/vercel/path1/node_modules/tailwindcss/node_modules/jiti/dist/jiti.js". See https://vite.dev/guide/troubleshooting.html#module-externalized-for-browser-compatibility for more details.[39m
[23:43:37.145] [33m[plugin vite:resolve] Module "os" has been externalized for browser compatibility, imported by "/vercel/path1/node_modules/tailwindcss/node_modules/jiti/dist/jiti.js". See https://vite.dev/guide/troubleshooting.html#module-externalized-for-browser-compatibility for more details.[39m
[23:43:37.146] [33m[plugin vite:resolve] Module "vm" has been externalized for browser compatibility, imported by "/vercel/path1/node_modules/tailwindcss/node_modules/jiti/dist/jiti.js". See https://vite.dev/guide/troubleshooting.html#module-externalized-for-browser-compatibility for more details.[39m
[23:43:37.146] [33m[plugin vite:resolve] Module "url" has been externalized for browser compatibility, imported by "/vercel/path1/node_modules/tailwindcss/node_modules/jiti/dist/jiti.js". See https://vite.dev/guide/troubleshooting.html#module-externalized-for-browser-compatibility for more details.[39m
[23:43:37.147] [33m[plugin vite:resolve] Module "assert" has been externalized for browser compatibility, imported by "/vercel/path1/node_modules/tailwindcss/node_modules/jiti/dist/jiti.js". See https://vite.dev/guide/troubleshooting.html#module-externalized-for-browser-compatibility for more details.[39m
[23:43:37.147] [33m[plugin vite:resolve] Module "process" has been externalized for browser compatibility, imported by "/vercel/path1/node_modules/tailwindcss/node_modules/jiti/dist/jiti.js". See https://vite.dev/guide/troubleshooting.html#module-externalized-for-browser-compatibility for more details.[39m
[23:43:37.148] [33m[plugin vite:resolve] Module "v8" has been externalized for browser compatibility, imported by "/vercel/path1/node_modules/tailwindcss/node_modules/jiti/dist/jiti.js". See https://vite.dev/guide/troubleshooting.html#module-externalized-for-browser-compatibility for more details.[39m
[23:43:37.148] [33m[plugin vite:resolve] Module "util" has been externalized for browser compatibility, imported by "/vercel/path1/node_modules/tailwindcss/node_modules/jiti/dist/jiti.js". See https://vite.dev/guide/troubleshooting.html#module-externalized-for-browser-compatibility for more details.[39m
[23:43:37.279] [33m[plugin vite:resolve] Module "path" has been externalized for browser compatibility, imported by "/vercel/path1/node_modules/fast-glob/out/readers/reader.js". See https://vite.dev/guide/troubleshooting.html#module-externalized-for-browser-compatibility for more details.[39m
[23:43:37.285] [33m[plugin vite:resolve] Module "path" has been externalized for browser compatibility, imported by "/vercel/path1/node_modules/fast-glob/node_modules/glob-parent/index.js". See https://vite.dev/guide/troubleshooting.html#module-externalized-for-browser-compatibility for more details.[39m
[23:43:37.285] [33m[plugin vite:resolve] Module "os" has been externalized for browser compatibility, imported by "/vercel/path1/node_modules/fast-glob/node_modules/glob-parent/index.js". See https://vite.dev/guide/troubleshooting.html#module-externalized-for-browser-compatibility for more details.[39m
[23:43:37.287] [33m[plugin vite:resolve] Module "stream" has been externalized for browser compatibility, imported by "/vercel/path1/node_modules/merge2/index.js". See https://vite.dev/guide/troubleshooting.html#module-externalized-for-browser-compatibility for more details.[39m
[23:43:37.299] [33m[plugin vite:resolve] Module "util" has been externalized for browser compatibility, imported by "/vercel/path1/node_modules/fill-range/index.js". See https://vite.dev/guide/troubleshooting.html#module-externalized-for-browser-compatibility for more details.[39m
[23:43:37.783] [33m[plugin vite:resolve] Module "stream" has been externalized for browser compatibility, imported by "/vercel/path1/node_modules/@nodelib/fs.walk/out/providers/stream.js". See https://vite.dev/guide/troubleshooting.html#module-externalized-for-browser-compatibility for more details.[39m
[23:43:37.785] [33m[plugin vite:resolve] Module "path" has been externalized for browser compatibility, imported by "/vercel/path1/node_modules/@nodelib/fs.walk/out/settings.js". See https://vite.dev/guide/troubleshooting.html#module-externalized-for-browser-compatibility for more details.[39m
[23:43:37.881] [33m[plugin vite:resolve] Module "events" has been externalized for browser compatibility, imported by "/vercel/path1/node_modules/@nodelib/fs.walk/out/readers/async.js". See https://vite.dev/guide/troubleshooting.html#module-externalized-for-browser-compatibility for more details.[39m
[23:43:37.884] [33m[plugin vite:resolve] Module "fs" has been externalized for browser compatibility, imported by "/vercel/path1/node_modules/@nodelib/fs.stat/out/adapters/fs.js". See https://vite.dev/guide/troubleshooting.html#module-externalized-for-browser-compatibility for more details.[39m
[23:43:38.369] [33m[plugin vite:resolve] Module "assert" has been externalized for browser compatibility, imported by "/vercel/path1/node_modules/tailwindcss/node_modules/jiti/dist/babel.js". See https://vite.dev/guide/troubleshooting.html#module-externalized-for-browser-compatibility for more details.[39m
[23:43:38.370] [33m[plugin vite:resolve] Module "fs" has been externalized for browser compatibility, imported by "/vercel/path1/node_modules/tailwindcss/node_modules/jiti/dist/babel.js". See https://vite.dev/guide/troubleshooting.html#module-externalized-for-browser-compatibility for more details.[39m
[23:43:38.371] [33m[plugin vite:resolve] Module "module" has been externalized for browser compatibility, imported by "/vercel/path1/node_modules/tailwindcss/node_modules/jiti/dist/babel.js". See https://vite.dev/guide/troubleshooting.html#module-externalized-for-browser-compatibility for more details.[39m
[23:43:38.371] [33m[plugin vite:resolve] Module "os" has been externalized for browser compatibility, imported by "/vercel/path1/node_modules/tailwindcss/node_modules/jiti/dist/babel.js". See https://vite.dev/guide/troubleshooting.html#module-externalized-for-browser-compatibility for more details.[39m
[23:43:38.371] [33m[plugin vite:resolve] Module "path" has been externalized for browser compatibility, imported by "/vercel/path1/node_modules/tailwindcss/node_modules/jiti/dist/babel.js". See https://vite.dev/guide/troubleshooting.html#module-externalized-for-browser-compatibility for more details.[39m
[23:43:38.371] [33m[plugin vite:resolve] Module "process" has been externalized for browser compatibility, imported by "/vercel/path1/node_modules/tailwindcss/node_modules/jiti/dist/babel.js". See https://vite.dev/guide/troubleshooting.html#module-externalized-for-browser-compatibility for more details.[39m
[23:43:38.371] [33m[plugin vite:resolve] Module "tty" has been externalized for browser compatibility, imported by "/vercel/path1/node_modules/tailwindcss/node_modules/jiti/dist/babel.js". See https://vite.dev/guide/troubleshooting.html#module-externalized-for-browser-compatibility for more details.[39m
[23:43:38.371] [33m[plugin vite:resolve] Module "url" has been externalized for browser compatibility, imported by "/vercel/path1/node_modules/tailwindcss/node_modules/jiti/dist/babel.js". See https://vite.dev/guide/troubleshooting.html#module-externalized-for-browser-compatibility for more details.[39m
[23:43:38.371] [33m[plugin vite:resolve] Module "util" has been externalized for browser compatibility, imported by "/vercel/path1/node_modules/tailwindcss/node_modules/jiti/dist/babel.js". See https://vite.dev/guide/troubleshooting.html#module-externalized-for-browser-compatibility for more details.[39m
[23:43:38.372] [33m[plugin vite:resolve] Module "v8" has been externalized for browser compatibility, imported by "/vercel/path1/node_modules/tailwindcss/node_modules/jiti/dist/babel.js". See https://vite.dev/guide/troubleshooting.html#module-externalized-for-browser-compatibility for more details.[39m
[23:43:39.405] [33m[plugin vite:resolve] Module "path" has been externalized for browser compatibility, imported by "/vercel/path1/node_modules/@nodelib/fs.scandir/out/settings.js". See https://vite.dev/guide/troubleshooting.html#module-externalized-for-browser-compatibility for more details.[39m
[23:43:39.489] [33m[plugin vite:resolve] Module "fs" has been externalized for browser compatibility, imported by "/vercel/path1/node_modules/@nodelib/fs.scandir/out/adapters/fs.js". See https://vite.dev/guide/troubleshooting.html#module-externalized-for-browser-compatibility for more details.[39m
[23:43:40.105] rendering chunks...
[23:43:40.292] computing gzip size...
[23:43:40.315] [2m../dist/public/[22m[32mindex.html                 [39m[1m[2m  0.83 kB[22m[1m[22m[2m â”‚ gzip:   0.45 kB[22m
[23:43:40.316] [2m../dist/public/[22m[2massets/[22m[35mindex-DhLiOz_y.css  [39m[1m[2m167.56 kB[22m[1m[22m[2m â”‚ gzip:  23.59 kB[22m
[23:43:40.316] [2m../dist/public/[22m[2massets/[22m[36mui-DSx7t7HP.js      [39m[1m[2m 34.28 kB[22m[1m[22m[2m â”‚ gzip:   7.02 kB[22m
[23:43:40.317] [2m../dist/public/[22m[2massets/[22m[36mvendor-Cqjy_inS.js  [39m[1m[2m147.34 kB[22m[1m[22m[2m â”‚ gzip:  48.17 kB[22m
[23:43:40.317] [2m../dist/public/[22m[2massets/[22m[36mindex-CZRqknZM.js   [39m[1m[33m635.04 kB[39m[22m[2m â”‚ gzip: 157.39 kB[22m
[23:43:40.317] [32mâœ“ built in 10.04s[39m
[23:43:40.317] [33m
[23:43:40.317] (!) Some chunks are larger than 500 kB after minification. Consider:
[23:43:40.317] - Using dynamic import() to code-split the application
[23:43:40.317] - Use build.rollupOptions.output.manualChunks to improve chunking: https://rollupjs.org/configuration-options/#output-manualchunks
[23:43:40.318] - Adjust chunk size limit for this warning via build.chunkSizeWarningLimit.[39m
[23:43:51.366] node_modules/drizzle-orm/mysql-core/db.d.ts(1,38): error TS2307: Cannot find module 'mysql2/promise' or its corresponding type declarations.
[23:43:51.367] node_modules/drizzle-orm/mysql-core/query-builders/delete.d.ts(36,22): error TS2420: Class 'MySqlDeleteBase<TTable, TQueryResult, TPreparedQueryHKT, TDynamic, TExcludedMethods>' incorrectly implements interface 'SQLWrapper'.
[23:43:51.367]   Property 'getSQL' is missing in type 'MySqlDeleteBase<TTable, TQueryResult, TPreparedQueryHKT, TDynamic, TExcludedMethods>' but required in type 'SQLWrapper'.
[23:43:51.367] node_modules/drizzle-orm/mysql-core/query-builders/select.d.ts(249,244): error TS2344: Type 'string' does not satisfy the constraint 'keyof this & string'.
[23:43:51.367]   Type 'string' is not assignable to type 'keyof this & string'.
[23:43:51.367]     Type 'string' is not assignable to type 'keyof this'.
[23:43:51.368]       Type '"session"' is not assignable to type '"offset" | "_" | "getSQL" | "as" | "union" | "intersect" | "except" | "where" | "orderBy" | "limit" | "toSQL" | "$dynamic" | "having" | "groupBy" | "leftJoin" | "rightJoin" | "innerJoin" | ... 4 more ... | "exceptAll"'.
[23:43:51.368] node_modules/drizzle-orm/mysql-core/query-builders/select.d.ts(275,247): error TS2344: Type 'string' does not satisfy the constraint 'keyof this & string'.
[23:43:51.368]   Type 'string' is not assignable to type 'keyof this & string'.
[23:43:51.368]     Type 'string' is not assignable to type 'keyof this'.
[23:43:51.368]       Type '"session"' is not assignable to type '"offset" | "_" | "getSQL" | "as" | "union" | "intersect" | "except" | "where" | "orderBy" | "limit" | "toSQL" | "$dynamic" | "having" | "groupBy" | "leftJoin" | "rightJoin" | "innerJoin" | ... 4 more ... | "exceptAll"'.
[23:43:51.368] node_modules/drizzle-orm/mysql-core/query-builders/select.d.ts(301,248): error TS2344: Type 'string' does not satisfy the constraint 'keyof this & string'.
[23:43:51.368]   Type 'string' is not assignable to type 'keyof this & string'.
[23:43:51.368]     Type 'string' is not assignable to type 'keyof this'.
[23:43:51.369]       Type '"session"' is not assignable to type '"offset" | "_" | "getSQL" | "as" | "union" | "intersect" | "except" | "where" | "orderBy" | "limit" | "toSQL" | "$dynamic" | "having" | "groupBy" | "leftJoin" | "rightJoin" | "innerJoin" | ... 4 more ... | "exceptAll"'.
[23:43:51.369] node_modules/drizzle-orm/mysql-core/query-builders/select.d.ts(342,251): error TS2344: Type 'string' does not satisfy the constraint 'keyof this & string'.
[23:43:51.369]   Type 'string' is not assignable to type 'keyof this & string'.
[23:43:51.369]     Type 'string' is not assignable to type 'keyof this'.
[23:43:51.369]       Type '"session"' is not assignable to type '"offset" | "_" | "getSQL" | "as" | "union" | "intersect" | "except" | "where" | "orderBy" | "limit" | "toSQL" | "$dynamic" | "having" | "groupBy" | "leftJoin" | "rightJoin" | "innerJoin" | ... 4 more ... | "exceptAll"'.
[23:43:51.370] node_modules/drizzle-orm/mysql-core/query-builders/select.d.ts(368,245): error TS2344: Type 'string' does not satisfy the constraint 'keyof this & string'.
[23:43:51.370]   Type 'string' is not assignable to type 'keyof this & string'.
[23:43:51.370]     Type 'string' is not assignable to type 'keyof this'.
[23:43:51.370]       Type '"session"' is not assignable to type '"offset" | "_" | "getSQL" | "as" | "union" | "intersect" | "except" | "where" | "orderBy" | "limit" | "toSQL" | "$dynamic" | "having" | "groupBy" | "leftJoin" | "rightJoin" | "innerJoin" | ... 4 more ... | "exceptAll"'.
[23:43:51.370] node_modules/drizzle-orm/mysql-core/query-builders/select.d.ts(409,248): error TS2344: Type 'string' does not satisfy the constraint 'keyof this & string'.
[23:43:51.370]   Type 'string' is not assignable to type 'keyof this & string'.
[23:43:51.370]     Type 'string' is not assignable to type 'keyof this'.
[23:43:51.371]       Type '"session"' is not assignable to type '"offset" | "_" | "getSQL" | "as" | "union" | "intersect" | "except" | "where" | "orderBy" | "limit" | "toSQL" | "$dynamic" | "having" | "groupBy" | "leftJoin" | "rightJoin" | "innerJoin" | ... 4 more ... | "exceptAll"'.
[23:43:51.371] node_modules/drizzle-orm/mysql-core/query-builders/select.d.ts(561,22): error TS2515: Non-abstract class 'MySqlSelectBase<TTableName, TSelection, TSelectMode, TPreparedQueryHKT, TNullabilityMap, TDynamic, TExcludedMethods, TResult, TSelectedFields>' does not implement inherited abstract member getSQL from class 'MySqlSelectQueryBuilderBase<MySqlSelectHKT, TTableName, TSelection, TSelectMode, TPreparedQueryHKT, TNullabilityMap, TDynamic, TExcludedMethods, TResult, TSelectedFields>'.
[23:43:51.372] node_modules/drizzle-orm/mysql-core/query-builders/select.types.d.ts(136,1149): error TS2344: Type 'MySqlSetOperatorExcludedMethods' does not satisfy the constraint '"offset" | "_" | "getSQL" | "as" | "union" | "intersect" | "except" | "where" | "orderBy" | "limit" | "toSQL" | "prepare" | "execute" | "iterator" | "$dynamic" | "catch" | "finally" | ... 10 more ... | "exceptAll"'.
[23:43:51.372]   Type '"session"' is not assignable to type '"offset" | "_" | "getSQL" | "as" | "union" | "intersect" | "except" | "where" | "orderBy" | "limit" | "toSQL" | "prepare" | "execute" | "iterator" | "$dynamic" | "catch" | "finally" | ... 10 more ... | "exceptAll"'.
[23:43:51.372] node_modules/drizzle-orm/pg-core/query-builders/query.d.ts(23,22): error TS2420: Class 'PgRelationalQuery<TResult>' incorrectly implements interface 'SQLWrapper'.
[23:43:51.372]   Property 'getSQL' is missing in type 'PgRelationalQuery<TResult>' but required in type 'SQLWrapper'.
[23:43:51.373] node_modules/drizzle-orm/pg-core/roles.d.ts(7,22): error TS2559: Type 'PgRole' has no properties in common with type 'PgRoleConfig'.
[23:43:51.373] node_modules/drizzle-orm/singlestore-core/columns/bigint.d.ts(13,22): error TS2515: Non-abstract class 'SingleStoreBigInt53Builder<T>' does not implement inherited abstract member generatedAlwaysAs from class 'SingleStoreColumnBuilderWithAutoIncrement<T, { unsigned: boolean; }, ColumnBuilderExtraConfig>'.
[23:43:51.373] node_modules/drizzle-orm/singlestore-core/columns/bigint.d.ts(35,22): error TS2515: Non-abstract class 'SingleStoreBigInt64Builder<T>' does not implement inherited abstract member generatedAlwaysAs from class 'SingleStoreColumnBuilderWithAutoIncrement<T, { unsigned: boolean; }, ColumnBuilderExtraConfig>'.
[23:43:51.373] node_modules/drizzle-orm/singlestore-core/columns/binary.d.ts(14,22): error TS2515: Non-abstract class 'SingleStoreBinaryBuilder<T>' does not implement inherited abstract member generatedAlwaysAs from class 'SingleStoreColumnBuilder<T, SingleStoreBinaryConfig, object, ColumnBuilderExtraConfig>'.
[23:43:51.373] node_modules/drizzle-orm/singlestore-core/columns/boolean.d.ts(14,22): error TS2515: Non-abstract class 'SingleStoreBooleanBuilder<T>' does not implement inherited abstract member generatedAlwaysAs from class 'SingleStoreColumnBuilder<T, object, object, ColumnBuilderExtraConfig>'.
[23:43:51.373] node_modules/drizzle-orm/singlestore-core/columns/char.d.ts(16,22): error TS2515: Non-abstract class 'SingleStoreCharBuilder<T>' does not implement inherited abstract member generatedAlwaysAs from class 'SingleStoreColumnBuilder<T, SingleStoreCharConfig<T["enumValues"], T["length"]>, { length: T["length"]; }, ColumnBuilderExtraConfig>'.
[23:43:51.373] node_modules/drizzle-orm/singlestore-core/columns/custom.d.ts(24,22): error TS2515: Non-abstract class 'SingleStoreCustomColumnBuilder<T>' does not implement inherited abstract member generatedAlwaysAs from class 'SingleStoreColumnBuilder<T, { fieldConfig: Record<string, any>; customTypeParams: CustomTypeParams<any>; }, { singlestoreColumnBuilderBrand: "SingleStoreCustomColumnBuilderBrand"; }, ColumnBuilderExtraConfig>'.
[23:43:51.374] node_modules/drizzle-orm/singlestore-core/columns/date.d.ts(16,22): error TS2515: Non-abstract class 'SingleStoreDateBuilder<T>' does not implement inherited abstract member generatedAlwaysAs from class 'SingleStoreColumnBuilder<T, object, object, ColumnBuilderExtraConfig>'.
[23:43:51.374] node_modules/drizzle-orm/singlestore-core/columns/date.d.ts(37,22): error TS2515: Non-abstract class 'SingleStoreDateStringBuilder<T>' does not implement inherited abstract member generatedAlwaysAs from class 'SingleStoreColumnBuilder<T, object, object, ColumnBuilderExtraConfig>'.
[23:43:51.374] node_modules/drizzle-orm/singlestore-core/columns/datetime.d.ts(16,22): error TS2515: Non-abstract class 'SingleStoreDateTimeBuilder<T>' does not implement inherited abstract member generatedAlwaysAs from class 'SingleStoreColumnBuilder<T, SingleStoreDatetimeConfig<"string" | "date">, object, ColumnBuilderExtraConfig>'.
[23:43:51.374] node_modules/drizzle-orm/singlestore-core/columns/datetime.d.ts(38,22): error TS2515: Non-abstract class 'SingleStoreDateTimeStringBuilder<T>' does not implement inherited abstract member generatedAlwaysAs from class 'SingleStoreColumnBuilder<T, SingleStoreDatetimeConfig<"string" | "date">, object, ColumnBuilderExtraConfig>'.
[23:43:51.374] node_modules/drizzle-orm/singlestore-core/columns/decimal.d.ts(14,22): error TS2515: Non-abstract class 'SingleStoreDecimalBuilder<T>' does not implement inherited abstract member generatedAlwaysAs from class 'SingleStoreColumnBuilderWithAutoIncrement<T, SingleStoreDecimalConfig, ColumnBuilderExtraConfig>'.
[23:43:51.374] node_modules/drizzle-orm/singlestore-core/columns/double.d.ts(14,22): error TS2515: Non-abstract class 'SingleStoreDoubleBuilder<T>' does not implement inherited abstract member generatedAlwaysAs from class 'SingleStoreColumnBuilderWithAutoIncrement<T, SingleStoreDoubleConfig, ColumnBuilderExtraConfig>'.
[23:43:51.374] node_modules/drizzle-orm/singlestore-core/columns/enum.d.ts(19,5): error TS2416: Property 'generatedAlwaysAs' in type 'SingleStoreEnumColumnBuilder<T>' is not assignable to the same property in base type 'SingleStoreColumnBuilder<T, { enumValues: T["enumValues"]; }, object, ColumnBuilderExtraConfig>'.
[23:43:51.375]   Type '(as: SQL<unknown> | (() => SQL<unknown>) | T["data"], config?: Partial<GeneratedColumnConfig<unknown>>) => HasGenerated<this, {}>' is not assignable to type '(as: SQL<unknown> | (() => SQL<unknown>) | T["data"], config?: Partial<GeneratedColumnConfig<unknown>>) => HasGenerated<this, { type: "always"; }>'.
[23:43:51.375]     Type 'HasGenerated<this, {}>' is not assignable to type 'HasGenerated<this, { type: "always"; }>'.
[23:43:51.375]       Type 'HasGenerated<this, {}>' is not assignable to type '{ _: { hasDefault: true; generated: { type: "always"; }; }; }'.
[23:43:51.375]         The types of '_.generated' are incompatible between these types.
[23:43:51.375]           Property 'type' is missing in type '{}' but required in type '{ type: "always"; }'.
[23:43:51.375] node_modules/drizzle-orm/singlestore-core/columns/float.d.ts(14,22): error TS2515: Non-abstract class 'SingleStoreFloatBuilder<T>' does not implement inherited abstract member generatedAlwaysAs from class 'SingleStoreColumnBuilderWithAutoIncrement<T, SingleStoreFloatConfig, ColumnBuilderExtraConfig>'.
[23:43:51.375] node_modules/drizzle-orm/singlestore-core/columns/int.d.ts(14,22): error TS2515: Non-abstract class 'SingleStoreIntBuilder<T>' does not implement inherited abstract member generatedAlwaysAs from class 'SingleStoreColumnBuilderWithAutoIncrement<T, SingleStoreIntConfig, ColumnBuilderExtraConfig>'.
[23:43:51.376] node_modules/drizzle-orm/singlestore-core/columns/json.d.ts(14,22): error TS2515: Non-abstract class 'SingleStoreJsonBuilder<T>' does not implement inherited abstract member generatedAlwaysAs from class 'SingleStoreColumnBuilder<T, object, object, ColumnBuilderExtraConfig>'.
[23:43:51.376] node_modules/drizzle-orm/singlestore-core/columns/mediumint.d.ts(15,22): error TS2515: Non-abstract class 'SingleStoreMediumIntBuilder<T>' does not implement inherited abstract member generatedAlwaysAs from class 'SingleStoreColumnBuilderWithAutoIncrement<T, SingleStoreIntConfig, ColumnBuilderExtraConfig>'.
[23:43:51.376] node_modules/drizzle-orm/singlestore-core/columns/real.d.ts(14,22): error TS2515: Non-abstract class 'SingleStoreRealBuilder<T>' does not implement inherited abstract member generatedAlwaysAs from class 'SingleStoreColumnBuilderWithAutoIncrement<T, SingleStoreRealConfig, ColumnBuilderExtraConfig>'.
[23:43:51.376] node_modules/drizzle-orm/singlestore-core/columns/serial.d.ts(14,22): error TS2515: Non-abstract class 'SingleStoreSerialBuilder<T>' does not implement inherited abstract member generatedAlwaysAs from class 'SingleStoreColumnBuilderWithAutoIncrement<T, object, ColumnBuilderExtraConfig>'.
[23:43:51.376] node_modules/drizzle-orm/singlestore-core/columns/smallint.d.ts(15,22): error TS2515: Non-abstract class 'SingleStoreSmallIntBuilder<T>' does not implement inherited abstract member generatedAlwaysAs from class 'SingleStoreColumnBuilderWithAutoIncrement<T, SingleStoreIntConfig, ColumnBuilderExtraConfig>'.
[23:43:51.376] node_modules/drizzle-orm/singlestore-core/columns/text.d.ts(16,22): error TS2515: Non-abstract class 'SingleStoreTextBuilder<T>' does not implement inherited abstract member generatedAlwaysAs from class 'SingleStoreColumnBuilder<T, { textType: SingleStoreTextColumnType; enumValues: T["enumValues"]; }, object, ColumnBuilderExtraConfig>'.
[23:43:51.376] node_modules/drizzle-orm/singlestore-core/columns/time.d.ts(14,22): error TS2515: Non-abstract class 'SingleStoreTimeBuilder<T>' does not implement inherited abstract member generatedAlwaysAs from class 'SingleStoreColumnBuilder<T, object, object, ColumnBuilderExtraConfig>'.
[23:43:51.377] node_modules/drizzle-orm/singlestore-core/columns/timestamp.d.ts(15,22): error TS2515: Non-abstract class 'SingleStoreTimestampBuilder<T>' does not implement inherited abstract member generatedAlwaysAs from class 'SingleStoreDateColumnBaseBuilder<T, SingleStoreTimestampConfig<"string" | "date">, ColumnBuilderExtraConfig>'.
[23:43:51.377] node_modules/drizzle-orm/singlestore-core/columns/timestamp.d.ts(35,22): error TS2515: Non-abstract class 'SingleStoreTimestampStringBuilder<T>' does not implement inherited abstract member generatedAlwaysAs from class 'SingleStoreDateColumnBaseBuilder<T, SingleStoreTimestampConfig<"string" | "date">, ColumnBuilderExtraConfig>'.
[23:43:51.377] node_modules/drizzle-orm/singlestore-core/columns/tinyint.d.ts(15,22): error TS2515: Non-abstract class 'SingleStoreTinyIntBuilder<T>' does not implement inherited abstract member generatedAlwaysAs from class 'SingleStoreColumnBuilderWithAutoIncrement<T, SingleStoreIntConfig, ColumnBuilderExtraConfig>'.
[23:43:51.377] node_modules/drizzle-orm/singlestore-core/columns/varbinary.d.ts(14,22): error TS2515: Non-abstract class 'SingleStoreVarBinaryBuilder<T>' does not implement inherited abstract member generatedAlwaysAs from class 'SingleStoreColumnBuilder<T, SingleStoreVarbinaryOptions, object, ColumnBuilderExtraConfig>'.
[23:43:51.377] node_modules/drizzle-orm/singlestore-core/columns/varchar.d.ts(16,22): error TS2515: Non-abstract class 'SingleStoreVarCharBuilder<T>' does not implement inherited abstract member generatedAlwaysAs from class 'SingleStoreColumnBuilder<T, SingleStoreVarCharConfig<T["enumValues"], T["length"]>, { length: T["length"]; }, ColumnBuilderExtraConfig>'.
[23:43:51.377] node_modules/drizzle-orm/singlestore-core/columns/vector.d.ts(13,22): error TS2515: Non-abstract class 'SingleStoreVectorBuilder<T>' does not implement inherited abstract member generatedAlwaysAs from class 'SingleStoreColumnBuilder<T, SingleStoreVectorConfig, object, ColumnBuilderExtraConfig>'.
[23:43:51.377] node_modules/drizzle-orm/singlestore-core/columns/year.d.ts(14,22): error TS2515: Non-abstract class 'SingleStoreYearBuilder<T>' does not implement inherited abstract member generatedAlwaysAs from class 'SingleStoreColumnBuilder<T, object, object, ColumnBuilderExtraConfig>'.
[23:43:51.378] node_modules/drizzle-orm/singlestore-core/db.d.ts(1,38): error TS2307: Cannot find module 'mysql2/promise' or its corresponding type declarations.
[23:43:51.378] node_modules/drizzle-orm/singlestore-core/query-builders/delete.d.ts(36,22): error TS2420: Class 'SingleStoreDeleteBase<TTable, TQueryResult, TPreparedQueryHKT, TDynamic, TExcludedMethods>' incorrectly implements interface 'SQLWrapper'.
[23:43:51.378]   Property 'getSQL' is missing in type 'SingleStoreDeleteBase<TTable, TQueryResult, TPreparedQueryHKT, TDynamic, TExcludedMethods>' but required in type 'SQLWrapper'.
[23:43:51.378] node_modules/drizzle-orm/singlestore-core/query-builders/select.d.ts(199,262): error TS2344: Type 'string' does not satisfy the constraint 'keyof this & string'.
[23:43:51.378]   Type 'string' is not assignable to type 'keyof this & string'.
[23:43:51.379]     Type 'string' is not assignable to type 'keyof this'.
[23:43:51.379]       Type '"session"' is not assignable to type '"offset" | "_" | "getSQL" | "as" | "union" | "intersect" | "except" | "where" | "orderBy" | "limit" | "toSQL" | "$dynamic" | "having" | "groupBy" | "leftJoin" | "rightJoin" | "innerJoin" | "fullJoin" | "for" | "unionAll" | "minus"'.
[23:43:51.379] node_modules/drizzle-orm/singlestore-core/query-builders/select.d.ts(225,265): error TS2344: Type 'string' does not satisfy the constraint 'keyof this & string'.
[23:43:51.379]   Type 'string' is not assignable to type 'keyof this & string'.
[23:43:51.379]     Type 'string' is not assignable to type 'keyof this'.
[23:43:51.379]       Type '"session"' is not assignable to type '"offset" | "_" | "getSQL" | "as" | "union" | "intersect" | "except" | "where" | "orderBy" | "limit" | "toSQL" | "$dynamic" | "having" | "groupBy" | "leftJoin" | "rightJoin" | "innerJoin" | "fullJoin" | "for" | "unionAll" | "minus"'.
[23:43:51.379] node_modules/drizzle-orm/singlestore-core/query-builders/select.d.ts(251,266): error TS2344: Type 'string' does not satisfy the constraint 'keyof this & string'.
[23:43:51.379]   Type 'string' is not assignable to type 'keyof this & string'.
[23:43:51.379]     Type 'string' is not assignable to type 'keyof this'.
[23:43:51.379]       Type '"session"' is not assignable to type '"offset" | "_" | "getSQL" | "as" | "union" | "intersect" | "except" | "where" | "orderBy" | "limit" | "toSQL" | "$dynamic" | "having" | "groupBy" | "leftJoin" | "rightJoin" | "innerJoin" | "fullJoin" | "for" | "unionAll" | "minus"'.
[23:43:51.379] node_modules/drizzle-orm/singlestore-core/query-builders/select.d.ts(277,263): error TS2344: Type 'string' does not satisfy the constraint 'keyof this & string'.
[23:43:51.379]   Type 'string' is not assignable to type 'keyof this & string'.
[23:43:51.379]     Type 'string' is not assignable to type 'keyof this'.
[23:43:51.379]       Type '"session"' is not assignable to type '"offset" | "_" | "getSQL" | "as" | "union" | "intersect" | "except" | "where" | "orderBy" | "limit" | "toSQL" | "$dynamic" | "having" | "groupBy" | "leftJoin" | "rightJoin" | "innerJoin" | "fullJoin" | "for" | "unionAll" | "minus"'.
[23:43:51.379] node_modules/drizzle-orm/singlestore-core/query-builders/select.d.ts(301,262): error TS2344: Type 'string' does not satisfy the constraint 'keyof this & string'.
[23:43:51.379]   Type 'string' is not assignable to type 'keyof this & string'.
[23:43:51.379]     Type 'string' is not assignable to type 'keyof this'.
[23:43:51.379]       Type '"session"' is not assignable to type '"offset" | "_" | "getSQL" | "as" | "union" | "intersect" | "except" | "where" | "orderBy" | "limit" | "toSQL" | "$dynamic" | "having" | "groupBy" | "leftJoin" | "rightJoin" | "innerJoin" | "fullJoin" | "for" | "unionAll" | "minus"'.
[23:43:51.379] node_modules/drizzle-orm/singlestore-core/query-builders/select.d.ts(451,22): error TS2515: Non-abstract class 'SingleStoreSelectBase<TTableName, TSelection, TSelectMode, TPreparedQueryHKT, TNullabilityMap, TDynamic, TExcludedMethods, TResult, TSelectedFields>' does not implement inherited abstract member getSQL from class 'SingleStoreSelectQueryBuilderBase<SingleStoreSelectHKT, TTableName, TSelection, TSelectMode, TPreparedQueryHKT, TNullabilityMap, TDynamic, TExcludedMethods, TResult, TSelectedFields>'.
[23:43:51.380] node_modules/drizzle-orm/singlestore-core/query-builders/select.types.d.ts(130,1185): error TS2344: Type 'SingleStoreSetOperatorExcludedMethods' does not satisfy the constraint '"offset" | "_" | "getSQL" | "as" | "union" | "intersect" | "except" | "where" | "orderBy" | "limit" | "toSQL" | "prepare" | "execute" | "iterator" | "$dynamic" | "catch" | "finally" | ... 9 more ... | "minus"'.
[23:43:51.380]   Type '"session"' is not assignable to type '"offset" | "_" | "getSQL" | "as" | "union" | "intersect" | "except" | "where" | "orderBy" | "limit" | "toSQL" | "prepare" | "execute" | "iterator" | "$dynamic" | "catch" | "finally" | ... 9 more ... | "minus"'.
[23:43:51.380] node_modules/drizzle-orm/singlestore/driver.d.ts(1,100): error TS2307: Cannot find module 'mysql2' or its corresponding type declarations.
[23:43:51.380] node_modules/drizzle-orm/singlestore/driver.d.ts(2,39): error TS2307: Cannot find module 'mysql2/promise' or its corresponding type declarations.
[23:43:51.380] node_modules/drizzle-orm/singlestore/session.d.ts(1,94): error TS2307: Cannot find module 'mysql2/promise' or its corresponding type declarations.
[23:43:51.380] node_modules/drizzle-orm/sqlite-core/query-builders/query.d.ts(25,22): error TS2420: Class 'SQLiteRelationalQuery<TType, TResult>' incorrectly implements interface 'SQLWrapper'.
[23:43:51.380]   Property 'getSQL' is missing in type 'SQLiteRelationalQuery<TType, TResult>' but required in type 'SQLWrapper'.
[23:43:51.380] node_modules/drizzle-orm/sqlite-core/query-builders/select.d.ts(202,247): error TS2344: Type 'string' does not satisfy the constraint 'keyof this & string'.
[23:43:51.380]   Type 'string' is not assignable to type 'keyof this & string'.
[23:43:51.380]     Type 'string' is not assignable to type 'keyof this'.
[23:43:51.380]       Type '"config"' is not assignable to type '"offset" | "_" | "getSQL" | "as" | "union" | "intersect" | "except" | "where" | "orderBy" | "limit" | "toSQL" | "$dynamic" | "having" | "groupBy" | "leftJoin" | "rightJoin" | "innerJoin" | "fullJoin" | "unionAll"'.
[23:43:51.381] node_modules/drizzle-orm/sqlite-core/query-builders/select.d.ts(228,250): error TS2344: Type 'string' does not satisfy the constraint 'keyof this & string'.
[23:43:51.381]   Type 'string' is not assignable to type 'keyof this & string'.
[23:43:51.381]     Type 'string' is not assignable to type 'keyof this'.
[23:43:51.381]       Type '"config"' is not assignable to type '"offset" | "_" | "getSQL" | "as" | "union" | "intersect" | "except" | "where" | "orderBy" | "limit" | "toSQL" | "$dynamic" | "having" | "groupBy" | "leftJoin" | "rightJoin" | "innerJoin" | "fullJoin" | "unionAll"'.
[23:43:51.381] node_modules/drizzle-orm/sqlite-core/query-builders/select.d.ts(254,251): error TS2344: Type 'string' does not satisfy the constraint 'keyof this & string'.
[23:43:51.381]   Type 'string' is not assignable to type 'keyof this & string'.
[23:43:51.381]     Type 'string' is not assignable to type 'keyof this'.
[23:43:51.381]       Type '"config"' is not assignable to type '"offset" | "_" | "getSQL" | "as" | "union" | "intersect" | "except" | "where" | "orderBy" | "limit" | "toSQL" | "$dynamic" | "having" | "groupBy" | "leftJoin" | "rightJoin" | "innerJoin" | "fullJoin" | "unionAll"'.
[23:43:51.381] node_modules/drizzle-orm/sqlite-core/query-builders/select.d.ts(280,248): error TS2344: Type 'string' does not satisfy the constraint 'keyof this & string'.
[23:43:51.381]   Type 'string' is not assignable to type 'keyof this & string'.
[23:43:51.381]     Type 'string' is not assignable to type 'keyof this'.
[23:43:51.388]       Type '"config"' is not assignable to type '"offset" | "_" | "getSQL" | "as" | "union" | "intersect" | "except" | "where" | "orderBy" | "limit" | "toSQL" | "$dynamic" | "having" | "groupBy" | "leftJoin" | "rightJoin" | "innerJoin" | "fullJoin" | "unionAll"'.
[23:43:51.389] node_modules/drizzle-orm/sqlite-core/query-builders/select.d.ts(421,22): error TS2515: Non-abstract class 'SQLiteSelectBase<TTableName, TResultType, TRunResult, TSelection, TSelectMode, TNullabilityMap, TDynamic, TExcludedMethods, TResult, TSelectedFields>' does not implement inherited abstract member getSQL from class 'SQLiteSelectQueryBuilderBase<SQLiteSelectHKT, TTableName, TResultType, TRunResult, TSelection, TSelectMode, TNullabilityMap, TDynamic, TExcludedMethods, TResult, TSelectedFields>'.
[23:43:51.389] node_modules/drizzle-orm/sqlite-core/query-builders/select.types.d.ts(122,1157): error TS2344: Type 'SQLiteSetOperatorExcludedMethods' does not satisfy the constraint '"values" | "all" | "offset" | "get" | "_" | "getSQL" | "as" | "union" | "intersect" | "except" | "where" | "orderBy" | "limit" | "toSQL" | "prepare" | "execute" | "$dynamic" | "catch" | ... 9 more ... | "run"'.
[23:43:51.389]   Type '"config"' is not assignable to type '"values" | "all" | "offset" | "get" | "_" | "getSQL" | "as" | "union" | "intersect" | "except" | "where" | "orderBy" | "limit" | "toSQL" | "prepare" | "execute" | "$dynamic" | "catch" | ... 9 more ... | "run"'.
[23:43:51.389] node_modules/vite/dist/node/index.d.ts(7,41): error TS2307: Cannot find module 'rollup/parseAst' or its corresponding type declarations.
[23:43:51.389]   There are types at '/vercel/path1/node_modules/rollup/dist/parseAst.d.ts', but this result could not be resolved under your current 'moduleResolution' setting. Consider updating to 'node16', 'nodenext', or 'bundler'.
[23:43:51.389] server/db.ts(6,25): error TS2307: Cannot find module '@shared/schema' or its corresponding type declarations.
[23:43:51.389] server/email.ts(2,28): error TS2307: Cannot find module '@shared/schema' or its corresponding type declarations.
[23:43:51.389] server/init-db.ts(3,83): error TS2307: Cannot find module '@shared/schema' or its corresponding type declarations.
[23:43:51.389] server/notifications.ts(1,28): error TS2307: Cannot find module '@shared/schema' or its corresponding type declarations.
[23:43:51.389] server/routes.ts(8,8): error TS2307: Cannot find module '@shared/schema' or its corresponding type declarations.
[23:43:51.389] server/routes.ts(673,31): error TS2339: Property 'id' does not exist on type 'User'.
[23:43:51.389] server/storage.ts(2,181): error TS2307: Cannot find module '@shared/schema' or its corresponding type declarations.
[23:43:51.389] server/storage.ts(10,8): error TS2307: Cannot find module '@shared/schema' or its corresponding type declarations.
[23:43:51.389] server/storage.ts(265,33): error TS2345: Argument of type 'string | 0' is not assignable to parameter of type 'string'.
[23:43:51.389]   Type 'number' is not assignable to type 'string'.
[23:43:51.390] server/storage.ts(266,35): error TS2345: Argument of type 'string | 0' is not assignable to parameter of type 'string'.
[23:43:51.390]   Type 'number' is not assignable to type 'string'.
[23:43:51.390] server/storage.ts(451,20): error TS2339: Property 'db' does not exist on type 'Storage'.
[23:43:51.390] server/vite.ts(10,34): error TS1343: The 'import.meta' meta-property is only allowed when the '--module' option is 'es2020', 'es2022', 'esnext', 'system', 'node16', or 'nodenext'.
[23:43:51.390] vite.config.ts(6,34): error TS1343: The 'import.meta' meta-property is only allowed when the '--module' option is 'es2020', 'es2022', 'esnext', 'system', 'node16', or 'nodenext'.
[23:43:51.428] Error: Command "npm run build" exited with 2
[23:43:51.841] 
[23:43:55.087] Exiting build container